<?xml version="1.0" encoding="UTF-8"?>
<testng-results ignored="0" total="2" passed="2" failed="0" skipped="0">
  <reporter-output>
  </reporter-output>
  <suite started-at="2025-06-24T15:43:15 IST" name="Default suite" finished-at="2025-06-24T15:43:15 IST" duration-ms="107">
    <groups>
      <group name="regression">
        <method signature="practice1Test.m2Test()[pri:0, instance:PP1.practice1Test@c730b35]" name="m2Test" class="PP1.practice1Test"/>
      </group> <!-- regression -->
      <group name="smoke">
        <method signature="practice1Test.m1Test()[pri:0, instance:PP1.practice1Test@c730b35]" name="m1Test" class="PP1.practice1Test"/>
      </group> <!-- smoke -->
    </groups>
    <test started-at="2025-06-24T15:43:15 IST" name="Default test" finished-at="2025-06-24T15:43:15 IST" duration-ms="107">
      <class name="PP1.practice1Test">
        <test-method signature="m1Test()[pri:0, instance:PP1.practice1Test@c730b35]" started-at="2025-06-24T15:43:15 IST" name="m1Test" finished-at="2025-06-24T15:43:15 IST" duration-ms="17" status="PASS">
          <reporter-output>
          </reporter-output>
        </test-method> <!-- m1Test -->
        <test-method signature="m2Test()[pri:0, instance:PP1.practice1Test@c730b35]" started-at="2025-06-24T15:43:15 IST" name="m2Test" finished-at="2025-06-24T15:43:15 IST" duration-ms="3" status="PASS">
          <reporter-output>
          </reporter-output>
        </test-method> <!-- m2Test -->
      </class> <!-- PP1.practice1Test -->
    </test> <!-- Default test -->
  </suite> <!-- Default suite -->
</testng-results>
